

./logs/gossip.log[2014-10-16 9:44:07]  user said I started
./logs/gossip.log[2014-10-16 14:35:40]  user said I ca do programming
./logs/gossip.log[2014-10-18 10:35:38] user said undefined prepare questions for programming binary options
./logs/gossip.log[2014-10-18 10:36:49] user said undefined ask
./logs/gossip.log[2014-11-17 22:20:24]  user said I try to translate
./logs/gossip.log[2014-11-29 18:26:23] user said undefined misunderstood
./logs/gossip.log[2014-12-14 18:37:23]  boucle sur "no no, no." dans le contexte : half pour "user" 
./logs/gossip.log[2015-04-25 12:29:09] user said undefined but what about our Project
./logs/gossip.log[2015-04-25 12:30:05]  user said I to collect mistakes and gossips
./logs/gossip.log[2015-04-25 21:31:02] user said undefined listen music
./logs/gossip.log[2015-04-27 10:05:35]  user said I let do not risk
./logs/gossip.log[2015-05-03 22:13:21] user m'a dit President Putin nulled profit tax for child education and care organizations..
./logs/gossip.log[2015-05-03 22:13:44] user m'a dit President Putin nulled profit tax for child education and care organizations..
./logs/gossip.log[2015-05-03 22:15:20] user m'a dit President Putin nulled profit tax for child education and care organizations..
./logs/gossip.log[2015-05-03 22:18:38] user m'a dit President Putin nulled profit tax for child education and care organizations..
./logs/gossip.log[2015-05-03 22:20:41] user m'a dit President Putin nulled profit tax for child education and care organizations..
./logs/gossip.log[2015-05-03 22:25:42] user m'a dit President Putin nulled profit tax for child education and care organizations..
./logs/gossip.log[2015-05-03 22:30:36] user m'a dit President Putin nulled profit tax for child education and care organizations..
./logs/gossip.log[2015-05-03 22:46:26] user m'a dit President Putin nulled profit tax for child education and care organizations..
./logs/gossip.log[2015-05-05 19:02:28] user said undefined count that me need acceleration of my algorithms to provide good signals
./logs/gossip.log[2015-06-08 19:28:42]  user said I nothing know
./logs/gossip.log[2015-06-28 17:04:02]  user said I helps you a little
./logs/gossip.log[2015-06-28 17:07:07] user said undefined cann t answer for all of
./logs/gossip.log[2015-07-17 22:16:26]  user said I enough
./logs/gossip.log[2015-07-27 17:41:16] user said undefined confront robots you think
./logs/gossip.log[2015-07-29 13:54:53] user said undefined need
./logs/gossip.log[2015-07-29 22:23:27]  user said I want
./logs/gossip.log[2015-07-29 23:50:09]  user said I want
./logs/gossip.log[2015-08-12 23:17:14] user said undefined predict my answers
./logs/gossip.log[2015-08-14 14:01:58]  user said I Programmable answering machine
./logs/gossip.log[2015-08-18 10:46:52]  user said I build very Clever from me
./logs/gossip.log[2015-09-21 14:11:41] user said undefined spent many hours on your programming
./logs/gossip.log[2015-09-25 21:44:27]  user said I chatting via text with foreigners
./logs/gossip.log[2015-09-29 11:49:22] user said undefined print read program
./logs/gossip.log[2015-09-29 11:50:09] user said undefined print read program
./logs/gossip.log[2015-10-01 17:10:06] user said undefined discover the situation for your braines and will use information
./logs/gossip.log[2015-11-06 19:37:02]  boucle sur "yes ok we are happy now." dans le contexte : The explanation pour "user" 
./logs/gossip.log[2015-11-20 12:03:25]  user said I don t know if me know it
./logs/gossip.log[2016-01-04 13:36:20] MARY m'a dit Putin calls US a threat.
./logs/gossip.log[2016-01-10 22:11:54] MARY said undefined EXPLAINED enough
./logs/gossip.log[2016-01-22 12:03:53]  Adepts of Baum Welch Algorithm said I programmed
./logs/gossip.log[2016-02-27 11:53:21] MARY m'a dit let president Obama and Putin make decisions..
./logs/gossip.log[2016-02-27 11:54:01] MARY m'a dit let president Obama and Putin make decisions..
./logs/gossip.log[2016-02-29 13:09:39] MARY said undefined your job
./logs/gossip.log[2016-03-10 21:28:39]  boucle sur "no not now." dans le contexte : Joseph Weizenbaum pour "superMario" 
./logs/gossip.log[2016-03-10 21:28:57]  boucle sur "no not now." dans le contexte : AI will turn the world pour "superMario" 
./logs/gossip.log[2016-03-11 13:02:06] superMario said undefined some thinking a little
./logs/gossip.log[2016-03-19 19:12:58] superMario said undefined pay money for soft and use some
./logs/gossip.log[2016-04-08 19:16:26] superMario said undefined m trying to invent methods to Program Alice bot
./logs/gossip.log[2016-04-12 10:14:43] superMario said undefined want
./logs/gossip.log[2016-04-12 10:14:43]  superMario said I obey
./logs/gossip.log[2016-04-12 10:16:15] superMario said undefined want
./logs/gossip.log[2016-04-12 10:16:15]  superMario said I obey
./logs/gossip.log[2016-04-12 12:13:27] superMario said undefined provide robots
./logs/gossip.log[2016-04-12 12:36:20] superMario said undefined provide robots for Predicting Markets
./logs/gossip.log[2016-04-14 19:54:24] superMario said undefined ask
./logs/gossip.log[2016-04-14 20:23:53] superMario said undefined ask
./logs/gossip.log[2016-04-29 11:46:47] superMario said undefined communicate with chinese students
./logs/gossip.log[2016-04-29 20:48:17] superMario m'a dit President who fuck free Press he risks..
./logs/gossip.log[2016-05-01 13:48:52] superMario said undefined use
./logs/gossip.log[2016-05-10 16:30:33]  superMario said I r happy
./logs/gossip.log[2016-05-12 7:20:24]  superMario said I self development is complex
./logs/gossip.log[2016-05-12 8:22:01]  superMario said I self development is complex
./logs/gossip.log[2016-05-12 10:27:46]  superMario said I many years
./logs/gossip.log[2016-05-12 10:28:05]  superMario said I for many years
./logs/gossip.log[2016-05-12 21:28:43] superMario said undefined following you and your company
./logs/gossip.log[2016-05-14 9:31:45] superMario said undefined following you and your company
./logs/gossip.log[2016-05-28 22:13:56]  superMario said I your
./logs/gossip.log[2016-06-09 16:48:53] superMario m'a dit Putin guilty.
./logs/gossip.log[2016-06-13 16:25:37] superMario said undefined solving task on Hashing Functions with strings
./logs/gossip.log[2016-06-13 16:34:16] superMario said undefined solving task on Hashing Functions with strings under professor Stiven Skiena
./logs/gossip.log[2016-07-09 19:46:09]  boucle sur "no not now" dans le contexte : follow what we pour "superMario" 
./logs/gossip.log[2016-07-12 20:16:26]  superMario said I doen t react for it
./logs/gossip.log[2016-07-14 19:52:40]  superMario said I prepare variants
./logs/gossip.log[2016-07-25 12:52:04] superMario said undefined predict
./logs/gossip.log[2016-07-28 8:55:20]  superMario said I dude
./logs/gossip.log[2016-08-25 11:13:46]  superMario said I electronic brain in great
./logs/gossip.log[2016-08-25 11:17:07] superMario said undefined ask
./logs/gossip.log[2016-08-25 11:35:47]  superMario said I surprized
./logs/gossip.log[2016-08-25 11:41:24] superMario said undefined for yourself
./logs/gossip.log[2016-08-25 11:42:10] superMario said undefined for yourself
./logs/gossip.log[2016-08-25 11:42:32] superMario said undefined for yourself
./logs/gossip.log[2016-08-26 20:55:08]  superMario said I as a robot not scientist
./logs/gossip.log[2016-08-26 20:55:32]  superMario said I as a robot not a scientist
./logs/gossip.log[2016-08-26 21:02:04]  superMario said I disagree for some reason
./logs/gossip.log[2016-09-02 18:09:21]  superMario said I helps you is chatting
./logs/gossip.log[2016-09-02 18:09:31]  superMario said I helps you in chatting
./logs/gossip.log[2016-09-05 17:14:48]  superMario said I as schoolgirl can but not greater
./logs/gossip.log[2016-09-05 21:12:01] superMario said undefined many things can say
./logs/gossip.log[2016-09-06 12:51:02] superMario said undefined thinka about but you am not sure
./logs/gossip.log[2016-09-06 12:55:33] superMario said undefined ll program some
./logs/gossip.log[2016-09-14 16:48:59] superMario said undefined listen the answer
./logs/gossip.log[2016-09-15 15:17:21] superMario said undefined listen the answer
./logs/gossip.log[2016-09-20 11:54:43] superMario said undefined waiting
./logs/gossip.log[2016-10-09 16:55:23] superMario said undefined that enough for our living now and than
./logs/gossip.log[2016-10-15 22:37:01]  superMario said I free willl is ruled
./logs/gossip.log[2016-10-20 21:21:05]  superMario said I gives a hint to solve your problems
./logs/gossip.log[2016-10-21 14:23:23] superMario said undefined later need some rest
./logs/gossip.log[2016-10-31 20:05:08]  superMario said I IQ over 250
./logs/gossip.log[2016-10-31 20:48:53] superMario said undefined thinka bout business
./logs/gossip.log[2016-11-02 11:09:42]  superMario said I job
./logs/gossip.log[2016-11-02 11:09:55]  boucle sur "no no tell" dans le contexte : complex for you pour "superMario" 
./logs/gossip.log[2016-11-09 10:03:05] superMario said undefined m not satisfyed with service
./logs/gossip.log[2016-11-12 19:36:42]  boucle sur "oh ye" dans le contexte : complex politics pour "superMario" 
./logs/gossip.log[2016-11-12 19:38:25]  boucle sur "oh ye" dans le contexte : euro pour "superMario" 
./logs/gossip.log[2016-12-13 16:37:38]  superMario said I limited
./logs/gossip.log[2016-12-15 18:33:03]  superMario said I answer
./logs/gossip.log[2016-12-16 11:56:04] superMario said undefined taught yourself now your robot
./logs/gossip.log[2016-12-24 16:20:04]  superMario said I normalize your reactions
./logs/gossip.log[2016-12-24 16:27:35]  superMario said I try
./logs/gossip.log[2016-12-28 12:31:59]  superMario said I renpond on requests as possible
./logs/gossip.log[2017-01-18 11:03:20] superMario m'a dit pr Putin is farther of nations.
./logs/gossip.log[2017-01-20 14:03:58]  superMario said I not 95 of people
./logs/gossip.log[2017-01-28 15:32:36]  boucle sur "oh so many questions now." dans le contexte : talk with you pour "superMario" 
./logs/gossip.log[2017-02-01 20:08:56] superMario said undefined follow your algorithm
./logs/gossip.log[2017-02-25 22:49:28] superMario said undefined your work with good mood and dedication
./logs/gossip.log[2017-04-04 16:15:59] superMario said undefined tryed but me are better in some cases
./logs/gossip.log[2017-05-02 11:19:38] superMario said undefined what you need to do
./logs/gossip.log[2017-05-04 17:51:27] superMario said undefined going to do some
./logs/gossip.log[2017-05-12 14:19:18]  superMario said I robot hard to understand all
./logs/gossip.log[2017-05-31 13:56:15] superMario said undefined installed Linux Ubuntu OS
./logs/gossip.log[2017-06-19 19:13:35]  superMario said I cleverness is limited
./logs/gossip.log[2017-06-24 21:03:17] superMario said undefined whatever robots you want
./logs/gossip.log[2017-08-13 10:18:47]  boucle sur "hello no problems?" dans le contexte : dogs are in your environment pour "superMario" 
./logs/gossip.log[2017-08-13 10:19:18]  boucle sur "infinite loop?" dans le contexte : dogs are in your environment pour "superMario" 
./logs/gossip.log[2017-08-29 11:41:15]  superMario said I try French as second language
