./logs/learn.log[2004-04-13 13:37:25] 0 categories loaded from "H:\Documents and Settings\Anna Ivanova\jbproject\AlicBot\start".
./logs/learn.log[2004-04-13 13:38:00] 0 categories loaded from "H:\Documents and Settings\Anna Ivanova\jbproject\AlicBot\txt\start".
./logs/learn.log[2004-04-13 13:38:08] 4 categories loaded from "H:\Documents and Settings\Anna Ivanova\jbproject\AlicBot\txt\start.aiml".
./logs/learn.log[2004-04-13 13:40:02] 0 categories loaded from "H:\Documents and Settings\Anna Ivanova\jbproject\AlicBot\txt\start.aiml".
./logs/learn.log[2004-04-13 13:58:19] 0 categories loaded from "H:\Documents and Settings\Anna Ivanova\jbproject\AlicBot\txt\RIGHTS.TXT".
./logs/learn.log[2004-11-21 10:09:27] 0 categories loaded from "C:\program_D\maria\Numeri.aiml".
./logs/learn.log[2004-11-21 10:26:24] 0 categories loaded from "H:\Documents and Settings\Anna Ivanova\jbproject\aiml\maria\Numeri.aiml".
./logs/learn.log[2004-11-21 10:26:54] 0 categories loaded from "H:\aiml\maria\Numeri.aiml".
./logs/learn.log[2004-11-21 10:27:11] 0 categories loaded from "H:\Documents and Settings\Anna Ivanova\aiml\maria\Numeri.aiml".
./logs/learn.log[2004-11-21 10:27:25] 0 categories loaded from "H:\Documents and Settings\Anna Ivanova\jbproject\aiml\maria\Numeri.aiml".
./logs/learn.log[2004-11-21 10:28:16] 0 categories loaded from "H:\Documents and Settings\Anna Ivanova\jbproject\AlicBot\aiml\maria\Numeri.aiml".
./logs/learn.log[2004-11-24 9:55:31] 0 categories loaded from "D:\Documents and Settings\Vitaly Feskov\PASCAlice\example\Ami.aiml".
./logs/learn.log[2004-11-24 9:55:55] 0 categories loaded from "D:\Doc~\Vit~\PASC~\example\Ciao.aiml".
./logs/learn.log[2004-11-26 11:06:31] 0 categories loaded from "H:\Documents and Settings\Vitaly Feskov\PASCAlice\italiano\Ami.aiml".
./logs/learn.log[2004-11-26 11:08:41] 1 categories loaded from "H:\Documents and Settings\Vitaly Feskov\PASCAlice\italiano\Ami.aiml".
./logs/learn.log[2004-11-26 11:09:20] 58 categories loaded from "H:\Documents and Settings\Vitaly Feskov\PASCAlice\italiano\Ciao.aiml".
./logs/learn.log[2004-11-26 11:10:44] 1 categories loaded from "H:\Documents and Settings\Vitaly Feskov\PASCAlice\italiano\Errori.aiml".
./logs/learn.log[2004-11-26 11:11:55] 5 categories loaded from "H:\Documents and Settings\Vitaly Feskov\PASCAlice\italiano\Gattini.aiml".
./logs/learn.log[2004-11-26 11:13:07] 54 categories loaded from "H:\Documents and Settings\Vitaly Feskov\PASCAlice\italiano\Geografia.aiml".
./logs/learn.log[2004-11-26 11:13:46] 29 categories loaded from "H:\Documents and Settings\Vitaly Feskov\PASCAlice\italiano\Invenzioni.aiml".
./logs/learn.log[2004-11-26 11:14:59] 1 categories loaded from "H:\Documents and Settings\Vitaly Feskov\PASCAlice\italiano\Maria.aiml".
./logs/learn.log[2004-11-26 11:15:23] 65 categories loaded from "H:\Documents and Settings\Vitaly Feskov\PASCAlice\italiano\Numeri.aiml".
./logs/learn.log[2004-11-26 11:15:56] 61 categories loaded from "H:\Documents and Settings\Vitaly Feskov\PASCAlice\italiano\Politica.aiml".
./logs/learn.log[2004-11-26 11:16:38] 236 categories loaded from "H:\Documents and Settings\Vitaly Feskov\PASCAlice\italiano\Religione.aiml".
./logs/learn.log[2004-11-26 11:17:02] 262 categories loaded from "H:\Documents and Settings\Vitaly Feskov\PASCAlice\italiano\SioNo.aiml".
./logs/learn.log[2004-11-26 11:17:39] 197 categories loaded from "H:\Documents and Settings\Vitaly Feskov\PASCAlice\italiano\Turing-ita.aiml".
./logs/learn.log[2004-11-26 11:34:42] 0 categories loaded from "H:\Documents and Settings\Vitaly Feskov\PASCAlice\italiano\Gattini.aiml".
./logs/learn.log[2004-11-26 11:45:32] 11 categories loaded from "H:\Documents and Settings\Vitaly Feskov\PASCAlice\italiano\Gattini.aiml".
./logs/learn.log[2004-11-26 11:45:41] 0 categories loaded from "H:\Documents and Settings\Vitaly Feskov\PASCAlice\italiano\errori.aiml".
./logs/learn.log[2004-11-26 11:45:50] 0 categories loaded from "H:\Documents and Settings\Vitaly Feskov\PASCAlice\italiano\ciao.aiml".
./logs/learn.log[2004-11-26 11:52:10] 0 categories loaded from "H:\Documents and Settings\Vitaly Feskov\PASCAlice\italiano\Ciao.aiml".
./logs/learn.log[2004-11-26 11:54:50] 0 categories loaded from "H:\Documents and Settings\Vitaly Feskov\PASCAlice\italiano\Geografia.aiml".
./logs/learn.log[2004-11-26 12:10:51] 2 categories loaded from "H:\Documents and Settings\Vitaly Feskov\PASCAlice\italiano\Geografia.aiml".
./logs/learn.log[2004-11-26 12:14:55] 0 categories loaded from "H:\Documents and Settings\Vitaly Feskov\PASCAlice\italiano\Ami.aiml".
./logs/learn.log[2004-11-26 12:15:04] 0 categories loaded from "H:\Documents and Settings\Vitaly Feskov\PASCAlice\italiano\Maria.aiml".
./logs/learn.log[2004-11-26 12:15:11] 0 categories loaded from "H:\Documents and Settings\Vitaly Feskov\PASCAlice\italiano\Politica.aiml".
./logs/learn.log[2004-11-26 12:17:49] 3 categories loaded from "H:\Documents and Settings\Vitaly Feskov\PASCAlice\italiano\Politica.aiml".
./logs/learn.log[2004-11-26 12:18:13] 0 categories loaded from "H:\Documents and Settings\Vitaly Feskov\PASCAlice\italiano\Religione.aiml".
./logs/learn.log[2004-11-26 12:25:25] 0 categories loaded from "H:\Documents and Settings\Vitaly Feskov\PASCAlice\italiano\Religione.aiml".
./logs/learn.log[2004-11-26 12:25:39] 4 categories loaded from "H:\Documents and Settings\Vitaly Feskov\PASCAlice\italiano\Religione.aiml".
./logs/learn.log[2004-11-26 12:25:44] 0 categories loaded from "H:\Documents and Settings\Vitaly Feskov\PASCAlice\italiano\SioNo.aiml".
./logs/learn.log[2004-11-26 12:28:01] 2 categories loaded from "H:\Documents and Settings\Vitaly Feskov\PASCAlice\italiano\SioNo.aiml".
./logs/learn.log[2004-11-26 12:31:27] 4 categories loaded from "H:\Documents and Settings\Vitaly Feskov\PASCAlice\italiano\SioNo.aiml".
./logs/learn.log[2004-11-26 12:34:36] 0 categories loaded from "H:\Documents and Settings\Vitaly Feskov\PASCAlice\italiano\Turing-ita.aiml".
./logs/learn.log[2004-11-26 12:36:52] 3 categories loaded from "H:\Documents and Settings\Vitaly Feskov\PASCAlice\italiano\Turing-ita.aiml".
./logs/learn.log[2004-11-26 13:03:24] 29 categories loaded from "H:\Documents and Settings\Vitaly Feskov\PASCAlice\italiano\Invenzioni.aiml".
./logs/learn.log[2004-11-26 13:04:33] 64 categories loaded from "H:\Documents and Settings\Vitaly Feskov\PASCAlice\italiano\Politica.aiml".
./logs/learn.log[2004-11-26 13:06:41] 65 categories loaded from "H:\Documents and Settings\Vitaly Feskov\PASCAlice\italiano\Numeri.aiml".
./logs/learn.log[2004-11-26 13:08:48] 200 categories loaded from "H:\Documents and Settings\Vitaly Feskov\PASCAlice\italiano\Turing-ita.aiml".
